<?xml version="1.0" ?>
<coverage version="7.15.2" timestamp="1785220636972" lines-valid="1110" lines-covered="862" line-rate="0.7766" branches-covered="0" branches-valid="0" branch-rate="0" complexity="0">
	<!-- Generated by coverage.py: https://coverage.readthedocs.io/en/7.15.2 -->
	<!-- Based on https://raw.githubusercontent.com/cobertura/web/master/htdocs/xml/coverage-04.dtd -->
	<sources>
		<source>D:\Projects 2026\VisionOS-AI\backend\app</source>
	</sources>
	<packages>
		<package name="." line-rate="1" branch-rate="0" complexity="0">
			<classes>
				<class name="__init__.py" filename="__init__.py" complexity="0" line-rate="1" branch-rate="0">
					<methods/>
					<lines/>
				</class>
			</classes>
		</package>
		<package name="api.dependencies" line-rate="0.6" branch-rate="0" complexity="0">
			<classes>
				<class name="__init__.py" filename="api/dependencies/__init__.py" complexity="0" line-rate="1" branch-rate="0">
					<methods/>
					<lines>
						<line number="1" hits="1"/>
						<line number="3" hits="1"/>
					</lines>
				</class>
				<class name="database.py" filename="api/dependencies/database.py" complexity="0" line-rate="0.5" branch-rate="0">
					<methods/>
					<lines>
						<line number="1" hits="1"/>
						<line number="3" hits="1"/>
						<line number="4" hits="1"/>
						<line number="7" hits="1"/>
						<line number="8" hits="0"/>
						<line number="10" hits="0"/>
						<line number="11" hits="0"/>
						<line number="13" hits="0"/>
					</lines>
				</class>
			</classes>
		</package>
		<package name="api.routes" line-rate="0.9231" branch-rate="0" complexity="0">
			<classes>
				<class name="auth.py" filename="api/routes/auth.py" complexity="0" line-rate="0.9474" branch-rate="0">
					<methods/>
					<lines>
						<line number="1" hits="1"/>
						<line number="2" hits="1"/>
						<line number="3" hits="1"/>
						<line number="9" hits="1"/>
						<line number="10" hits="1"/>
						<line number="12" hits="1"/>
						<line number="15" hits="1"/>
						<line number="20" hits="1"/>
						<line number="24" hits="1"/>
						<line number="25" hits="1"/>
						<line number="26" hits="1"/>
						<line number="29" hits="1"/>
						<line number="34" hits="1"/>
						<line number="38" hits="1"/>
						<line number="39" hits="1"/>
						<line number="40" hits="1"/>
						<line number="43" hits="1"/>
						<line number="48" hits="1"/>
						<line number="49" hits="0"/>
					</lines>
				</class>
				<class name="health.py" filename="api/routes/health.py" complexity="0" line-rate="0.8" branch-rate="0">
					<methods/>
					<lines>
						<line number="1" hits="1"/>
						<line number="2" hits="1"/>
						<line number="3" hits="1"/>
						<line number="4" hits="1"/>
						<line number="5" hits="1"/>
						<line number="7" hits="1"/>
						<line number="10" hits="1"/>
						<line number="15" hits="1"/>
						<line number="22" hits="0"/>
						<line number="24" hits="0"/>
					</lines>
				</class>
				<class name="register.py" filename="api/routes/register.py" complexity="0" line-rate="1" branch-rate="0">
					<methods/>
					<lines>
						<line number="1" hits="1"/>
						<line number="2" hits="1"/>
						<line number="3" hits="1"/>
						<line number="4" hits="1"/>
						<line number="6" hits="1"/>
						<line number="9" hits="1"/>
						<line number="14" hits="1"/>
						<line number="18" hits="1"/>
						<line number="19" hits="1"/>
						<line number="25" hits="1"/>
					</lines>
				</class>
			</classes>
		</package>
		<package name="auth" line-rate="0.2917" branch-rate="0" complexity="0">
			<classes>
				<class name="__init__.py" filename="auth/__init__.py" complexity="0" line-rate="1" branch-rate="0">
					<methods/>
					<lines/>
				</class>
				<class name="auth_service.py" filename="auth/auth_service.py" complexity="0" line-rate="1" branch-rate="0">
					<methods/>
					<lines/>
				</class>
				<class name="constants.py" filename="auth/constants.py" complexity="0" line-rate="0" branch-rate="0">
					<methods/>
					<lines>
						<line number="1" hits="0"/>
						<line number="26" hits="0"/>
					</lines>
				</class>
				<class name="dependencies.py" filename="auth/dependencies.py" complexity="0" line-rate="0.4242" branch-rate="0">
					<methods/>
					<lines>
						<line number="1" hits="1"/>
						<line number="3" hits="1"/>
						<line number="4" hits="1"/>
						<line number="5" hits="1"/>
						<line number="6" hits="1"/>
						<line number="11" hits="1"/>
						<line number="12" hits="1"/>
						<line number="13" hits="1"/>
						<line number="14" hits="1"/>
						<line number="16" hits="1"/>
						<line number="19" hits="1"/>
						<line number="23" hits="0"/>
						<line number="24" hits="0"/>
						<line number="26" hits="0"/>
						<line number="27" hits="0"/>
						<line number="28" hits="0"/>
						<line number="31" hits="1"/>
						<line number="35" hits="0"/>
						<line number="36" hits="0"/>
						<line number="37" hits="0"/>
						<line number="39" hits="0"/>
						<line number="50" hits="1"/>
						<line number="51" hits="0"/>
						<line number="54" hits="0"/>
						<line number="55" hits="0"/>
						<line number="56" hits="0"/>
						<line number="58" hits="0"/>
						<line number="61" hits="1"/>
						<line number="62" hits="0"/>
						<line number="65" hits="0"/>
						<line number="66" hits="0"/>
						<line number="67" hits="0"/>
						<line number="69" hits="0"/>
					</lines>
				</class>
				<class name="exceptions.py" filename="auth/exceptions.py" complexity="0" line-rate="0" branch-rate="0">
					<methods/>
					<lines>
						<line number="1" hits="0"/>
						<line number="19" hits="0"/>
					</lines>
				</class>
				<class name="face_auth.py" filename="auth/face_auth.py" complexity="0" line-rate="1" branch-rate="0">
					<methods/>
					<lines/>
				</class>
				<class name="jwt_handler.py" filename="auth/jwt_handler.py" complexity="0" line-rate="0" branch-rate="0">
					<methods/>
					<lines>
						<line number="1" hits="0"/>
						<line number="3" hits="0"/>
					</lines>
				</class>
				<class name="oauth.py" filename="auth/oauth.py" complexity="0" line-rate="0" branch-rate="0">
					<methods/>
					<lines>
						<line number="1" hits="0"/>
						<line number="3" hits="0"/>
					</lines>
				</class>
				<class name="password.py" filename="auth/password.py" complexity="0" line-rate="0" branch-rate="0">
					<methods/>
					<lines>
						<line number="1" hits="0"/>
						<line number="3" hits="0"/>
					</lines>
				</class>
				<class name="permissions.py" filename="auth/permissions.py" complexity="0" line-rate="1" branch-rate="0">
					<methods/>
					<lines/>
				</class>
				<class name="refresh_token.py" filename="auth/refresh_token.py" complexity="0" line-rate="1" branch-rate="0">
					<methods/>
					<lines/>
				</class>
				<class name="roles.py" filename="auth/roles.py" complexity="0" line-rate="1" branch-rate="0">
					<methods/>
					<lines/>
				</class>
				<class name="security.py" filename="auth/security.py" complexity="0" line-rate="0" branch-rate="0">
					<methods/>
					<lines>
						<line number="1" hits="0"/>
						<line number="2" hits="0"/>
						<line number="3" hits="0"/>
						<line number="4" hits="0"/>
						<line number="13" hits="0"/>
					</lines>
				</class>
				<class name="token_blacklist.py" filename="auth/token_blacklist.py" complexity="0" line-rate="1" branch-rate="0">
					<methods/>
					<lines/>
				</class>
				<class name="validators.py" filename="auth/validators.py" complexity="0" line-rate="1" branch-rate="0">
					<methods/>
					<lines/>
				</class>
			</classes>
		</package>
		<package name="config" line-rate="1" branch-rate="0" complexity="0">
			<classes>
				<class name="settings.py" filename="config/settings.py" complexity="0" line-rate="1" branch-rate="0">
					<methods/>
					<lines>
						<line number="1" hits="1"/>
						<line number="4" hits="1"/>
						<line number="5" hits="1"/>
						<line number="7" hits="1"/>
						<line number="9" hits="1"/>
						<line number="11" hits="1"/>
						<line number="13" hits="1"/>
						<line number="15" hits="1"/>
						<line number="17" hits="1"/>
						<line number="19" hits="1"/>
						<line number="21" hits="1"/>
						<line number="23" hits="1"/>
						<line number="30" hits="1"/>
					</lines>
				</class>
			</classes>
		</package>
		<package name="core" line-rate="0.7778" branch-rate="0" complexity="0">
			<classes>
				<class name="exceptions.py" filename="core/exceptions.py" complexity="0" line-rate="0.8333" branch-rate="0">
					<methods/>
					<lines>
						<line number="1" hits="1"/>
						<line number="2" hits="1"/>
						<line number="3" hits="0"/>
						<line number="4" hits="0"/>
						<line number="7" hits="1"/>
						<line number="8" hits="1"/>
						<line number="11" hits="1"/>
						<line number="12" hits="1"/>
						<line number="15" hits="1"/>
						<line number="16" hits="1"/>
						<line number="19" hits="1"/>
						<line number="20" hits="1"/>
					</lines>
				</class>
				<class name="metrics.py" filename="core/metrics.py" complexity="0" line-rate="0.8571" branch-rate="0">
					<methods/>
					<lines>
						<line number="1" hits="1"/>
						<line number="3" hits="1"/>
						<line number="4" hits="1"/>
						<line number="7" hits="1"/>
						<line number="8" hits="1"/>
						<line number="9" hits="1"/>
						<line number="10" hits="1"/>
						<line number="11" hits="1"/>
						<line number="12" hits="1"/>
						<line number="13" hits="1"/>
						<line number="16" hits="1"/>
						<line number="21" hits="1"/>
						<line number="22" hits="1"/>
						<line number="24" hits="1"/>
						<line number="25" hits="1"/>
						<line number="26" hits="1"/>
						<line number="27" hits="1"/>
						<line number="28" hits="1"/>
						<line number="30" hits="1"/>
						<line number="31" hits="1"/>
						<line number="32" hits="1"/>
						<line number="33" hits="1"/>
						<line number="35" hits="1"/>
						<line number="41" hits="1"/>
						<line number="42" hits="1"/>
						<line number="43" hits="1"/>
						<line number="45" hits="1"/>
						<line number="46" hits="0"/>
						<line number="48" hits="1"/>
						<line number="49" hits="0"/>
						<line number="51" hits="1"/>
						<line number="52" hits="0"/>
						<line number="53" hits="0"/>
						<line number="59" hits="0"/>
						<line number="68" hits="1"/>
					</lines>
				</class>
				<class name="startup.py" filename="core/startup.py" complexity="0" line-rate="0.8889" branch-rate="0">
					<methods/>
					<lines>
						<line number="1" hits="1"/>
						<line number="2" hits="1"/>
						<line number="5" hits="1"/>
						<line number="6" hits="1"/>
						<line number="8" hits="1"/>
						<line number="15" hits="1"/>
						<line number="17" hits="1"/>
						<line number="18" hits="0"/>
						<line number="22" hits="1"/>
					</lines>
				</class>
				<class name="system_info.py" filename="core/system_info.py" complexity="0" line-rate="0.6471" branch-rate="0">
					<methods/>
					<lines>
						<line number="1" hits="1"/>
						<line number="2" hits="1"/>
						<line number="3" hits="1"/>
						<line number="5" hits="1"/>
						<line number="7" hits="1"/>
						<line number="10" hits="1"/>
						<line number="15" hits="1"/>
						<line number="16" hits="1"/>
						<line number="17" hits="0"/>
						<line number="19" hits="0"/>
						<line number="20" hits="0"/>
						<line number="21" hits="0"/>
						<line number="23" hits="0"/>
						<line number="25" hits="1"/>
						<line number="26" hits="1"/>
						<line number="27" hits="0"/>
						<line number="29" hits="1"/>
						<line number="30" hits="1"/>
						<line number="31" hits="0"/>
						<line number="33" hits="1"/>
						<line number="34" hits="1"/>
						<line number="35" hits="0"/>
						<line number="37" hits="1"/>
						<line number="38" hits="1"/>
						<line number="39" hits="0"/>
						<line number="41" hits="1"/>
						<line number="42" hits="1"/>
						<line number="43" hits="0"/>
						<line number="45" hits="1"/>
						<line number="46" hits="1"/>
						<line number="47" hits="0"/>
						<line number="49" hits="1"/>
						<line number="50" hits="1"/>
						<line number="51" hits="0"/>
					</lines>
				</class>
			</classes>
		</package>
		<package name="database" line-rate="0.7826" branch-rate="0" complexity="0">
			<classes>
				<class name="__init__.py" filename="database/__init__.py" complexity="0" line-rate="0.75" branch-rate="0">
					<methods/>
					<lines>
						<line number="1" hits="1"/>
						<line number="2" hits="1"/>
						<line number="5" hits="1"/>
						<line number="7" hits="0"/>
					</lines>
				</class>
				<class name="base.py" filename="database/base.py" complexity="0" line-rate="1" branch-rate="0">
					<methods/>
					<lines>
						<line number="1" hits="1"/>
						<line number="4" hits="1"/>
						<line number="5" hits="1"/>
					</lines>
				</class>
				<class name="database.py" filename="database/database.py" complexity="0" line-rate="1" branch-rate="0">
					<methods/>
					<lines>
						<line number="1" hits="1"/>
						<line number="2" hits="1"/>
						<line number="4" hits="1"/>
					</lines>
				</class>
				<class name="init_db.py" filename="database/init_db.py" complexity="0" line-rate="1" branch-rate="0">
					<methods/>
					<lines>
						<line number="1" hits="1"/>
						<line number="2" hits="1"/>
						<line number="5" hits="1"/>
						<line number="6" hits="1"/>
					</lines>
				</class>
				<class name="session.py" filename="database/session.py" complexity="0" line-rate="0.5556" branch-rate="0">
					<methods/>
					<lines>
						<line number="1" hits="1"/>
						<line number="3" hits="1"/>
						<line number="4" hits="1"/>
						<line number="6" hits="1"/>
						<line number="13" hits="1"/>
						<line number="15" hits="0"/>
						<line number="17" hits="0"/>
						<line number="19" hits="0"/>
						<line number="23" hits="0"/>
					</lines>
				</class>
			</classes>
		</package>
		<package name="middleware" line-rate="0.8649" branch-rate="0" complexity="0">
			<classes>
				<class name="error_handler.py" filename="middleware/error_handler.py" complexity="0" line-rate="0.5556" branch-rate="0">
					<methods/>
					<lines>
						<line number="1" hits="1"/>
						<line number="2" hits="1"/>
						<line number="3" hits="1"/>
						<line number="4" hits="1"/>
						<line number="7" hits="1"/>
						<line number="11" hits="0"/>
						<line number="13" hits="0"/>
						<line number="14" hits="0"/>
						<line number="22" hits="0"/>
					</lines>
				</class>
				<class name="performance.py" filename="middleware/performance.py" complexity="0" line-rate="0.9474" branch-rate="0">
					<methods/>
					<lines>
						<line number="1" hits="1"/>
						<line number="3" hits="1"/>
						<line number="4" hits="1"/>
						<line number="5" hits="1"/>
						<line number="6" hits="1"/>
						<line number="7" hits="1"/>
						<line number="10" hits="1"/>
						<line number="15" hits="1"/>
						<line number="16" hits="1"/>
						<line number="18" hits="1"/>
						<line number="20" hits="1"/>
						<line number="22" hits="1"/>
						<line number="24" hits="1"/>
						<line number="29" hits="1"/>
						<line number="30" hits="1"/>
						<line number="32" hits="1"/>
						<line number="40" hits="1"/>
						<line number="41" hits="0"/>
						<line number="47" hits="1"/>
					</lines>
				</class>
				<class name="request_id.py" filename="middleware/request_id.py" complexity="0" line-rate="1" branch-rate="0">
					<methods/>
					<lines>
						<line number="1" hits="1"/>
						<line number="3" hits="1"/>
						<line number="6" hits="1"/>
						<line number="7" hits="1"/>
						<line number="8" hits="1"/>
						<line number="10" hits="1"/>
						<line number="12" hits="1"/>
						<line number="14" hits="1"/>
						<line number="16" hits="1"/>
					</lines>
				</class>
			</classes>
		</package>
		<package name="models" line-rate="0.8462" branch-rate="0" complexity="0">
			<classes>
				<class name="token_blacklist.py" filename="models/token_blacklist.py" complexity="0" line-rate="0.9" branch-rate="0">
					<methods/>
					<lines>
						<line number="1" hits="1"/>
						<line number="3" hits="1"/>
						<line number="4" hits="1"/>
						<line number="5" hits="1"/>
						<line number="7" hits="1"/>
						<line number="8" hits="1"/>
						<line number="10" hits="1"/>
						<line number="13" hits="1"/>
						<line number="16" hits="1"/>
						<line number="18" hits="1"/>
						<line number="19" hits="1"/>
						<line number="20" hits="1"/>
						<line number="21" hits="1"/>
						<line number="22" hits="1"/>
						<line number="25" hits="1"/>
						<line number="26" hits="1"/>
						<line number="28" hits="1"/>
						<line number="29" hits="0"/>
						<line number="31" hits="1"/>
						<line number="32" hits="0"/>
					</lines>
				</class>
				<class name="user.py" filename="models/user.py" complexity="0" line-rate="0.8125" branch-rate="0">
					<methods/>
					<lines>
						<line number="1" hits="1"/>
						<line number="3" hits="1"/>
						<line number="4" hits="1"/>
						<line number="6" hits="1"/>
						<line number="7" hits="1"/>
						<line number="9" hits="1"/>
						<line number="10" hits="1"/>
						<line number="13" hits="1"/>
						<line number="16" hits="1"/>
						<line number="18" hits="1"/>
						<line number="21" hits="1"/>
						<line number="22" hits="1"/>
						<line number="23" hits="1"/>
						<line number="24" hits="1"/>
						<line number="27" hits="1"/>
						<line number="30" hits="1"/>
						<line number="31" hits="1"/>
						<line number="32" hits="1"/>
						<line number="33" hits="1"/>
						<line number="35" hits="1"/>
						<line number="36" hits="0"/>
						<line number="37" hits="0"/>
						<line number="39" hits="1"/>
						<line number="40" hits="0"/>
						<line number="42" hits="1"/>
						<line number="43" hits="0"/>
						<line number="45" hits="1"/>
						<line number="46" hits="0"/>
						<line number="48" hits="1"/>
						<line number="49" hits="1"/>
						<line number="51" hits="1"/>
						<line number="52" hits="0"/>
					</lines>
				</class>
			</classes>
		</package>
		<package name="repositories" line-rate="0.7826" branch-rate="0" complexity="0">
			<classes>
				<class name="__init__.py" filename="repositories/__init__.py" complexity="0" line-rate="1" branch-rate="0">
					<methods/>
					<lines/>
				</class>
				<class name="base_repository.py" filename="repositories/base_repository.py" complexity="0" line-rate="1" branch-rate="0">
					<methods/>
					<lines>
						<line number="1" hits="1"/>
						<line number="4" hits="1"/>
						<line number="6" hits="1"/>
						<line number="8" hits="1"/>
					</lines>
				</class>
				<class name="token_blacklist_repository.py" filename="repositories/token_blacklist_repository.py" complexity="0" line-rate="0.7143" branch-rate="0">
					<methods/>
					<lines>
						<line number="1" hits="1"/>
						<line number="3" hits="1"/>
						<line number="4" hits="1"/>
						<line number="5" hits="1"/>
						<line number="8" hits="1"/>
						<line number="11" hits="1"/>
						<line number="19" hits="1"/>
						<line number="26" hits="1"/>
						<line number="27" hits="1"/>
						<line number="28" hits="1"/>
						<line number="29" hits="1"/>
						<line number="31" hits="1"/>
						<line number="32" hits="1"/>
						<line number="33" hits="1"/>
						<line number="35" hits="1"/>
						<line number="36" hits="0"/>
						<line number="39" hits="0"/>
						<line number="40" hits="0"/>
						<line number="41" hits="0"/>
						<line number="42" hits="0"/>
						<line number="43" hits="0"/>
					</lines>
				</class>
				<class name="user_repository.py" filename="repositories/user_repository.py" complexity="0" line-rate="0.8095" branch-rate="0">
					<methods/>
					<lines>
						<line number="1" hits="1"/>
						<line number="2" hits="1"/>
						<line number="3" hits="1"/>
						<line number="6" hits="1"/>
						<line number="9" hits="1"/>
						<line number="10" hits="1"/>
						<line number="11" hits="1"/>
						<line number="13" hits="1"/>
						<line number="14" hits="1"/>
						<line number="16" hits="1"/>
						<line number="17" hits="1"/>
						<line number="18" hits="1"/>
						<line number="19" hits="1"/>
						<line number="20" hits="1"/>
						<line number="22" hits="1"/>
						<line number="23" hits="0"/>
						<line number="24" hits="0"/>
						<line number="25" hits="0"/>
						<line number="26" hits="0"/>
						<line number="28" hits="1"/>
						<line number="29" hits="1"/>
					</lines>
				</class>
			</classes>
		</package>
		<package name="schemas" line-rate="1" branch-rate="0" complexity="0">
			<classes>
				<class name="__init__.py" filename="schemas/__init__.py" complexity="0" line-rate="1" branch-rate="0">
					<methods/>
					<lines>
						<line number="1" hits="1"/>
						<line number="2" hits="1"/>
						<line number="4" hits="1"/>
					</lines>
				</class>
				<class name="auth.py" filename="schemas/auth.py" complexity="0" line-rate="1" branch-rate="0">
					<methods/>
					<lines>
						<line number="1" hits="1"/>
						<line number="3" hits="1"/>
						<line number="4" hits="1"/>
						<line number="7" hits="1"/>
						<line number="8" hits="1"/>
						<line number="9" hits="1"/>
						<line number="10" hits="1"/>
						<line number="13" hits="1"/>
						<line number="14" hits="1"/>
						<line number="15" hits="1"/>
						<line number="16" hits="1"/>
						<line number="17" hits="1"/>
						<line number="18" hits="1"/>
						<line number="19" hits="1"/>
						<line number="20" hits="1"/>
						<line number="23" hits="1"/>
						<line number="24" hits="1"/>
						<line number="25" hits="1"/>
						<line number="26" hits="1"/>
					</lines>
				</class>
				<class name="base.py" filename="schemas/base.py" complexity="0" line-rate="1" branch-rate="0">
					<methods/>
					<lines>
						<line number="1" hits="1"/>
						<line number="3" hits="1"/>
						<line number="6" hits="1"/>
						<line number="13" hits="1"/>
						<line number="21" hits="1"/>
						<line number="26" hits="1"/>
						<line number="27" hits="1"/>
					</lines>
				</class>
				<class name="common.py" filename="schemas/common.py" complexity="0" line-rate="1" branch-rate="0">
					<methods/>
					<lines>
						<line number="1" hits="1"/>
						<line number="3" hits="1"/>
						<line number="6" hits="1"/>
						<line number="11" hits="1"/>
						<line number="12" hits="1"/>
						<line number="13" hits="1"/>
						<line number="16" hits="1"/>
						<line number="21" hits="1"/>
						<line number="22" hits="1"/>
					</lines>
				</class>
				<class name="health.py" filename="schemas/health.py" complexity="0" line-rate="1" branch-rate="0">
					<methods/>
					<lines>
						<line number="1" hits="1"/>
						<line number="4" hits="1"/>
						<line number="5" hits="1"/>
						<line number="6" hits="1"/>
						<line number="7" hits="1"/>
						<line number="10" hits="1"/>
						<line number="11" hits="1"/>
						<line number="14" hits="1"/>
						<line number="15" hits="1"/>
						<line number="16" hits="1"/>
						<line number="17" hits="1"/>
						<line number="18" hits="1"/>
						<line number="19" hits="1"/>
						<line number="20" hits="1"/>
						<line number="21" hits="1"/>
						<line number="24" hits="1"/>
						<line number="25" hits="1"/>
						<line number="28" hits="1"/>
						<line number="29" hits="1"/>
						<line number="31" hits="1"/>
						<line number="33" hits="1"/>
						<line number="35" hits="1"/>
						<line number="37" hits="1"/>
						<line number="39" hits="1"/>
						<line number="41" hits="1"/>
					</lines>
				</class>
				<class name="metadata.py" filename="schemas/metadata.py" complexity="0" line-rate="1" branch-rate="0">
					<methods/>
					<lines/>
				</class>
				<class name="response.py" filename="schemas/response.py" complexity="0" line-rate="1" branch-rate="0">
					<methods/>
					<lines/>
				</class>
			</classes>
		</package>
		<package name="security" line-rate="0.7599" branch-rate="0" complexity="0">
			<classes>
				<class name="__init__.py" filename="security/__init__.py" complexity="0" line-rate="1" branch-rate="0">
					<methods/>
					<lines/>
				</class>
				<class name="constants.py" filename="security/constants.py" complexity="0" line-rate="1" branch-rate="0">
					<methods/>
					<lines>
						<line number="17" hits="1"/>
						<line number="18" hits="1"/>
						<line number="24" hits="1"/>
						<line number="26" hits="1"/>
						<line number="27" hits="1"/>
						<line number="29" hits="1"/>
						<line number="36" hits="1"/>
						<line number="38" hits="1"/>
						<line number="40" hits="1"/>
						<line number="42" hits="1"/>
						<line number="44" hits="1"/>
						<line number="46" hits="1"/>
						<line number="48" hits="1"/>
						<line number="50" hits="1"/>
						<line number="52" hits="1"/>
						<line number="54" hits="1"/>
						<line number="62" hits="1"/>
						<line number="69" hits="1"/>
						<line number="71" hits="1"/>
						<line number="73" hits="1"/>
						<line number="75" hits="1"/>
						<line number="77" hits="1"/>
						<line number="85" hits="1"/>
						<line number="90" hits="1"/>
						<line number="92" hits="1"/>
						<line number="94" hits="1"/>
						<line number="96" hits="1"/>
						<line number="98" hits="1"/>
						<line number="100" hits="1"/>
						<line number="108" hits="1"/>
						<line number="115" hits="1"/>
						<line number="117" hits="1"/>
						<line number="119" hits="1"/>
						<line number="121" hits="1"/>
						<line number="123" hits="1"/>
						<line number="125" hits="1"/>
						<line number="127" hits="1"/>
						<line number="129" hits="1"/>
						<line number="131" hits="1"/>
						<line number="133" hits="1"/>
						<line number="140" hits="1"/>
						<line number="142" hits="1"/>
						<line number="144" hits="1"/>
						<line number="146" hits="1"/>
						<line number="148" hits="1"/>
						<line number="150" hits="1"/>
						<line number="157" hits="1"/>
						<line number="159" hits="1"/>
						<line number="161" hits="1"/>
						<line number="163" hits="1"/>
						<line number="170" hits="1"/>
						<line number="172" hits="1"/>
						<line number="174" hits="1"/>
						<line number="176" hits="1"/>
						<line number="183" hits="1"/>
						<line number="185" hits="1"/>
						<line number="187" hits="1"/>
						<line number="194" hits="1"/>
						<line number="196" hits="1"/>
						<line number="203" hits="1"/>
						<line number="205" hits="1"/>
						<line number="207" hits="1"/>
					</lines>
				</class>
				<class name="dependencies.py" filename="security/dependencies.py" complexity="0" line-rate="1" branch-rate="0">
					<methods/>
					<lines>
						<line number="1" hits="1"/>
						<line number="3" hits="1"/>
					</lines>
				</class>
				<class name="exceptions.py" filename="security/exceptions.py" complexity="0" line-rate="0.7258" branch-rate="0">
					<methods/>
					<lines>
						<line number="22" hits="1"/>
						<line number="24" hits="1"/>
						<line number="31" hits="1"/>
						<line number="47" hits="1"/>
						<line number="54" hits="1"/>
						<line number="72" hits="1"/>
						<line number="75" hits="1"/>
						<line number="76" hits="1"/>
						<line number="84" hits="1"/>
						<line number="87" hits="1"/>
						<line number="88" hits="0"/>
						<line number="96" hits="1"/>
						<line number="99" hits="1"/>
						<line number="100" hits="0"/>
						<line number="108" hits="1"/>
						<line number="111" hits="1"/>
						<line number="112" hits="0"/>
						<line number="120" hits="1"/>
						<line number="123" hits="1"/>
						<line number="124" hits="0"/>
						<line number="137" hits="1"/>
						<line number="140" hits="1"/>
						<line number="141" hits="0"/>
						<line number="148" hits="1"/>
						<line number="151" hits="1"/>
						<line number="152" hits="0"/>
						<line number="164" hits="1"/>
						<line number="167" hits="1"/>
						<line number="168" hits="0"/>
						<line number="175" hits="1"/>
						<line number="178" hits="1"/>
						<line number="179" hits="1"/>
						<line number="186" hits="1"/>
						<line number="189" hits="1"/>
						<line number="190" hits="0"/>
						<line number="197" hits="1"/>
						<line number="200" hits="1"/>
						<line number="201" hits="0"/>
						<line number="208" hits="1"/>
						<line number="211" hits="1"/>
						<line number="212" hits="0"/>
						<line number="224" hits="1"/>
						<line number="227" hits="1"/>
						<line number="228" hits="0"/>
						<line number="235" hits="1"/>
						<line number="238" hits="1"/>
						<line number="239" hits="0"/>
						<line number="251" hits="1"/>
						<line number="254" hits="1"/>
						<line number="255" hits="0"/>
						<line number="262" hits="1"/>
						<line number="265" hits="1"/>
						<line number="266" hits="0"/>
						<line number="274" hits="1"/>
						<line number="277" hits="1"/>
						<line number="278" hits="0"/>
						<line number="291" hits="1"/>
						<line number="296" hits="1"/>
						<line number="297" hits="0"/>
						<line number="304" hits="1"/>
						<line number="309" hits="1"/>
						<line number="310" hits="0"/>
					</lines>
				</class>
				<class name="jwt.py" filename="security/jwt.py" complexity="0" line-rate="0.7137" branch-rate="0">
					<methods/>
					<lines>
						<line number="29" hits="1"/>
						<line number="31" hits="1"/>
						<line number="32" hits="1"/>
						<line number="33" hits="1"/>
						<line number="34" hits="1"/>
						<line number="35" hits="1"/>
						<line number="37" hits="1"/>
						<line number="38" hits="1"/>
						<line number="56" hits="1"/>
						<line number="62" hits="1"/>
						<line number="63" hits="1"/>
						<line number="64" hits="1"/>
						<line number="66" hits="1"/>
						<line number="68" hits="1"/>
						<line number="69" hits="1"/>
						<line number="70" hits="1"/>
						<line number="73" hits="1"/>
						<line number="74" hits="1"/>
						<line number="88" hits="1"/>
						<line number="89" hits="1"/>
						<line number="90" hits="1"/>
						<line number="93" hits="1"/>
						<line number="105" hits="1"/>
						<line number="107" hits="1"/>
						<line number="134" hits="1"/>
						<line number="139" hits="1"/>
						<line number="140" hits="1"/>
						<line number="141" hits="1"/>
						<line number="142" hits="1"/>
						<line number="151" hits="1"/>
						<line number="160" hits="1"/>
						<line number="161" hits="1"/>
						<line number="163" hits="1"/>
						<line number="164" hits="1"/>
						<line number="171" hits="1"/>
						<line number="172" hits="1"/>
						<line number="174" hits="0"/>
						<line number="176" hits="1"/>
						<line number="177" hits="1"/>
						<line number="179" hits="0"/>
						<line number="181" hits="1"/>
						<line number="182" hits="1"/>
						<line number="184" hits="0"/>
						<line number="186" hits="1"/>
						<line number="187" hits="1"/>
						<line number="189" hits="1"/>
						<line number="191" hits="1"/>
						<line number="192" hits="1"/>
						<line number="194" hits="0"/>
						<line number="196" hits="1"/>
						<line number="237" hits="1"/>
						<line number="246" hits="1"/>
						<line number="256" hits="1"/>
						<line number="257" hits="1"/>
						<line number="258" hits="1"/>
						<line number="260" hits="1"/>
						<line number="301" hits="1"/>
						<line number="310" hits="1"/>
						<line number="320" hits="1"/>
						<line number="321" hits="1"/>
						<line number="322" hits="1"/>
						<line number="324" hits="1"/>
						<line number="362" hits="1"/>
						<line number="363" hits="1"/>
						<line number="370" hits="1"/>
						<line number="378" hits="1"/>
						<line number="379" hits="1"/>
						<line number="380" hits="1"/>
						<line number="381" hits="1"/>
						<line number="382" hits="1"/>
						<line number="383" hits="0"/>
						<line number="384" hits="0"/>
						<line number="385" hits="0"/>
						<line number="386" hits="0"/>
						<line number="387" hits="0"/>
						<line number="388" hits="0"/>
						<line number="389" hits="0"/>
						<line number="390" hits="0"/>
						<line number="391" hits="0"/>
						<line number="392" hits="0"/>
						<line number="393" hits="0"/>
						<line number="394" hits="0"/>
						<line number="396" hits="1"/>
						<line number="418" hits="1"/>
						<line number="425" hits="1"/>
						<line number="426" hits="1"/>
						<line number="427" hits="1"/>
						<line number="428" hits="1"/>
						<line number="429" hits="1"/>
						<line number="430" hits="1"/>
						<line number="431" hits="1"/>
						<line number="433" hits="1"/>
						<line number="448" hits="1"/>
						<line number="449" hits="1"/>
						<line number="450" hits="0"/>
						<line number="455" hits="0"/>
						<line number="457" hits="1"/>
						<line number="466" hits="1"/>
						<line number="467" hits="1"/>
						<line number="470" hits="1"/>
						<line number="471" hits="0"/>
						<line number="473" hits="1"/>
						<line number="474" hits="1"/>
						<line number="475" hits="0"/>
						<line number="477" hits="1"/>
						<line number="486" hits="1"/>
						<line number="487" hits="1"/>
						<line number="488" hits="0"/>
						<line number="491" hits="0"/>
						<line number="493" hits="1"/>
						<line number="502" hits="1"/>
						<line number="503" hits="1"/>
						<line number="504" hits="0"/>
						<line number="509" hits="0"/>
						<line number="511" hits="1"/>
						<line number="520" hits="1"/>
						<line number="522" hits="1"/>
						<line number="539" hits="1"/>
						<line number="540" hits="1"/>
						<line number="541" hits="0"/>
						<line number="543" hits="1"/>
						<line number="550" hits="0"/>
						<line number="552" hits="1"/>
						<line number="569" hits="0"/>
						<line number="570" hits="0"/>
						<line number="571" hits="0"/>
						<line number="572" hits="0"/>
						<line number="573" hits="0"/>
						<line number="574" hits="0"/>
						<line number="576" hits="1"/>
						<line number="583" hits="0"/>
						<line number="584" hits="0"/>
						<line number="597" hits="0"/>
						<line number="598" hits="0"/>
						<line number="600" hits="1"/>
						<line number="611" hits="1"/>
						<line number="612" hits="1"/>
						<line number="613" hits="1"/>
						<line number="614" hits="1"/>
						<line number="615" hits="1"/>
						<line number="616" hits="1"/>
						<line number="618" hits="1"/>
						<line number="631" hits="1"/>
						<line number="632" hits="0"/>
						<line number="634" hits="1"/>
						<line number="635" hits="1"/>
						<line number="636" hits="1"/>
						<line number="637" hits="1"/>
						<line number="638" hits="1"/>
						<line number="639" hits="1"/>
						<line number="640" hits="1"/>
						<line number="641" hits="1"/>
						<line number="642" hits="1"/>
						<line number="643" hits="1"/>
						<line number="645" hits="1"/>
						<line number="647" hits="1"/>
						<line number="648" hits="1"/>
						<line number="649" hits="1"/>
						<line number="654" hits="0"/>
						<line number="655" hits="0"/>
						<line number="656" hits="0"/>
						<line number="657" hits="0"/>
						<line number="658" hits="0"/>
						<line number="659" hits="0"/>
						<line number="661" hits="1"/>
						<line number="662" hits="1"/>
						<line number="663" hits="1"/>
						<line number="664" hits="0"/>
						<line number="665" hits="0"/>
						<line number="666" hits="0"/>
						<line number="668" hits="1"/>
						<line number="669" hits="1"/>
						<line number="670" hits="1"/>
						<line number="671" hits="0"/>
						<line number="672" hits="1"/>
						<line number="673" hits="0"/>
						<line number="674" hits="1"/>
						<line number="675" hits="0"/>
						<line number="677" hits="1"/>
						<line number="678" hits="1"/>
						<line number="679" hits="0"/>
						<line number="681" hits="1"/>
						<line number="687" hits="1"/>
						<line number="696" hits="1"/>
						<line number="701" hits="1"/>
						<line number="702" hits="1"/>
						<line number="703" hits="0"/>
						<line number="705" hits="1"/>
						<line number="710" hits="1"/>
						<line number="711" hits="1"/>
						<line number="713" hits="1"/>
						<line number="718" hits="1"/>
						<line number="719" hits="1"/>
						<line number="721" hits="0"/>
						<line number="722" hits="1"/>
						<line number="723" hits="0"/>
						<line number="724" hits="1"/>
						<line number="726" hits="1"/>
						<line number="727" hits="1"/>
						<line number="728" hits="1"/>
						<line number="729" hits="0"/>
						<line number="730" hits="0"/>
						<line number="731" hits="0"/>
						<line number="733" hits="1"/>
						<line number="734" hits="1"/>
						<line number="735" hits="1"/>
						<line number="736" hits="1"/>
						<line number="737" hits="0"/>
						<line number="738" hits="0"/>
						<line number="739" hits="0"/>
						<line number="741" hits="1"/>
						<line number="742" hits="1"/>
						<line number="743" hits="1"/>
						<line number="744" hits="1"/>
						<line number="745" hits="0"/>
						<line number="746" hits="0"/>
						<line number="747" hits="0"/>
						<line number="748" hits="0"/>
						<line number="750" hits="1"/>
						<line number="751" hits="1"/>
						<line number="752" hits="0"/>
						<line number="753" hits="1"/>
						<line number="754" hits="0"/>
						<line number="755" hits="1"/>
						<line number="756" hits="0"/>
						<line number="757" hits="1"/>
						<line number="758" hits="0"/>
						<line number="759" hits="1"/>
						<line number="760" hits="0"/>
						<line number="761" hits="1"/>
						<line number="762" hits="0"/>
						<line number="764" hits="1"/>
						<line number="769" hits="1"/>
						<line number="770" hits="1"/>
						<line number="771" hits="1"/>
						<line number="772" hits="1"/>
						<line number="773" hits="1"/>
						<line number="774" hits="1"/>
						<line number="776" hits="1"/>
						<line number="777" hits="1"/>
						<line number="780" hits="1"/>
					</lines>
				</class>
				<class name="password.py" filename="security/password.py" complexity="0" line-rate="0.5827" branch-rate="0">
					<methods/>
					<lines>
						<line number="29" hits="1"/>
						<line number="31" hits="1"/>
						<line number="32" hits="1"/>
						<line number="33" hits="1"/>
						<line number="34" hits="1"/>
						<line number="35" hits="1"/>
						<line number="36" hits="1"/>
						<line number="37" hits="1"/>
						<line number="38" hits="1"/>
						<line number="40" hits="1"/>
						<line number="41" hits="1"/>
						<line number="49" hits="1"/>
						<line number="53" hits="1"/>
						<line number="54" hits="1"/>
						<line number="56" hits="1"/>
						<line number="58" hits="1"/>
						<line number="59" hits="1"/>
						<line number="60" hits="1"/>
						<line number="61" hits="1"/>
						<line number="62" hits="1"/>
						<line number="65" hits="1"/>
						<line number="66" hits="1"/>
						<line number="78" hits="1"/>
						<line number="79" hits="1"/>
						<line number="82" hits="1"/>
						<line number="95" hits="1"/>
						<line number="119" hits="1"/>
						<line number="123" hits="1"/>
						<line number="129" hits="1"/>
						<line number="135" hits="1"/>
						<line number="141" hits="1"/>
						<line number="148" hits="1"/>
						<line number="156" hits="1"/>
						<line number="157" hits="1"/>
						<line number="164" hits="1"/>
						<line number="178" hits="1"/>
						<line number="179" hits="1"/>
						<line number="180" hits="1"/>
						<line number="181" hits="1"/>
						<line number="182" hits="1"/>
						<line number="183" hits="0"/>
						<line number="184" hits="0"/>
						<line number="185" hits="0"/>
						<line number="187" hits="1"/>
						<line number="203" hits="1"/>
						<line number="204" hits="1"/>
						<line number="205" hits="1"/>
						<line number="206" hits="1"/>
						<line number="207" hits="0"/>
						<line number="208" hits="0"/>
						<line number="209" hits="0"/>
						<line number="210" hits="0"/>
						<line number="211" hits="0"/>
						<line number="212" hits="0"/>
						<line number="214" hits="1"/>
						<line number="228" hits="1"/>
						<line number="229" hits="1"/>
						<line number="230" hits="0"/>
						<line number="231" hits="0"/>
						<line number="232" hits="0"/>
						<line number="234" hits="1"/>
						<line number="248" hits="1"/>
						<line number="249" hits="1"/>
						<line number="250" hits="0"/>
						<line number="252" hits="1"/>
						<line number="266" hits="1"/>
						<line number="268" hits="1"/>
						<line number="269" hits="0"/>
						<line number="270" hits="0"/>
						<line number="272" hits="1"/>
						<line number="273" hits="0"/>
						<line number="277" hits="1"/>
						<line number="278" hits="0"/>
						<line number="282" hits="1"/>
						<line number="283" hits="0"/>
						<line number="285" hits="1"/>
						<line number="286" hits="0"/>
						<line number="288" hits="1"/>
						<line number="289" hits="0"/>
						<line number="291" hits="1"/>
						<line number="294" hits="0"/>
						<line number="296" hits="1"/>
						<line number="301" hits="1"/>
						<line number="330" hits="0"/>
						<line number="331" hits="0"/>
						<line number="332" hits="0"/>
						<line number="333" hits="0"/>
						<line number="335" hits="0"/>
						<line number="336" hits="0"/>
						<line number="338" hits="0"/>
						<line number="339" hits="0"/>
						<line number="340" hits="0"/>
						<line number="341" hits="0"/>
						<line number="342" hits="0"/>
						<line number="343" hits="0"/>
						<line number="344" hits="0"/>
						<line number="345" hits="0"/>
						<line number="347" hits="0"/>
						<line number="348" hits="0"/>
						<line number="350" hits="0"/>
						<line number="351" hits="0"/>
						<line number="353" hits="0"/>
						<line number="354" hits="0"/>
						<line number="356" hits="0"/>
						<line number="357" hits="0"/>
						<line number="359" hits="1"/>
						<line number="375" hits="0"/>
						<line number="377" hits="1"/>
						<line number="383" hits="0"/>
						<line number="385" hits="1"/>
						<line number="386" hits="1"/>
						<line number="387" hits="0"/>
						<line number="388" hits="1"/>
						<line number="389" hits="0"/>
						<line number="390" hits="1"/>
						<line number="391" hits="0"/>
						<line number="392" hits="1"/>
						<line number="393" hits="0"/>
						<line number="394" hits="1"/>
						<line number="395" hits="0"/>
						<line number="397" hits="1"/>
						<line number="398" hits="1"/>
						<line number="399" hits="0"/>
						<line number="400" hits="0"/>
						<line number="401" hits="0"/>
						<line number="402" hits="1"/>
						<line number="405" hits="1"/>
					</lines>
				</class>
				<class name="types.py" filename="security/types.py" complexity="0" line-rate="1" branch-rate="0">
					<methods/>
					<lines>
						<line number="29" hits="1"/>
						<line number="31" hits="1"/>
						<line number="32" hits="1"/>
						<line number="33" hits="1"/>
						<line number="35" hits="1"/>
						<line number="36" hits="1"/>
						<line number="43" hits="1"/>
						<line number="53" hits="1"/>
						<line number="66" hits="1"/>
						<line number="73" hits="1"/>
						<line number="75" hits="1"/>
						<line number="77" hits="1"/>
						<line number="79" hits="1"/>
						<line number="81" hits="1"/>
						<line number="83" hits="1"/>
						<line number="85" hits="1"/>
						<line number="87" hits="1"/>
						<line number="89" hits="1"/>
						<line number="91" hits="1"/>
						<line number="99" hits="1"/>
						<line number="104" hits="1"/>
						<line number="106" hits="1"/>
						<line number="108" hits="1"/>
						<line number="110" hits="1"/>
						<line number="118" hits="1"/>
						<line number="123" hits="1"/>
						<line number="125" hits="1"/>
						<line number="127" hits="1"/>
						<line number="135" hits="1"/>
						<line number="140" hits="1"/>
						<line number="148" hits="1"/>
						<line number="153" hits="1"/>
						<line number="161" hits="1"/>
						<line number="166" hits="1"/>
						<line number="168" hits="1"/>
						<line number="179" hits="1"/>
						<line number="184" hits="1"/>
						<line number="186" hits="1"/>
						<line number="188" hits="1"/>
						<line number="196" hits="1"/>
						<line number="203" hits="1"/>
						<line number="205" hits="1"/>
						<line number="207" hits="1"/>
						<line number="209" hits="1"/>
						<line number="211" hits="1"/>
						<line number="213" hits="1"/>
						<line number="215" hits="1"/>
						<line number="223" hits="1"/>
						<line number="230" hits="1"/>
						<line number="232" hits="1"/>
						<line number="234" hits="1"/>
						<line number="236" hits="1"/>
						<line number="238" hits="1"/>
						<line number="240" hits="1"/>
						<line number="242" hits="1"/>
						<line number="250" hits="1"/>
						<line number="257" hits="1"/>
						<line number="259" hits="1"/>
						<line number="261" hits="1"/>
						<line number="263" hits="1"/>
						<line number="271" hits="1"/>
						<line number="276" hits="1"/>
						<line number="279" hits="1"/>
						<line number="284" hits="1"/>
						<line number="286" hits="1"/>
						<line number="297" hits="1"/>
						<line number="302" hits="1"/>
						<line number="310" hits="1"/>
						<line number="315" hits="1"/>
						<line number="317" hits="1"/>
						<line number="319" hits="1"/>
						<line number="321" hits="1"/>
						<line number="329" hits="1"/>
						<line number="334" hits="1"/>
						<line number="336" hits="1"/>
						<line number="338" hits="1"/>
						<line number="340" hits="1"/>
						<line number="342" hits="1"/>
						<line number="350" hits="1"/>
						<line number="355" hits="1"/>
						<line number="357" hits="1"/>
						<line number="359" hits="1"/>
						<line number="361" hits="1"/>
						<line number="363" hits="1"/>
						<line number="365" hits="1"/>
					</lines>
				</class>
			</classes>
		</package>
		<package name="services" line-rate="0.798" branch-rate="0" complexity="0">
			<classes>
				<class name="__init__.py" filename="services/__init__.py" complexity="0" line-rate="1" branch-rate="0">
					<methods/>
					<lines>
						<line number="1" hits="1"/>
						<line number="3" hits="1"/>
					</lines>
				</class>
				<class name="auth_service.py" filename="services/auth_service.py" complexity="0" line-rate="0.8182" branch-rate="0">
					<methods/>
					<lines>
						<line number="1" hits="1"/>
						<line number="3" hits="1"/>
						<line number="5" hits="1"/>
						<line number="6" hits="1"/>
						<line number="7" hits="1"/>
						<line number="8" hits="1"/>
						<line number="9" hits="1"/>
						<line number="17" hits="1"/>
						<line number="18" hits="1"/>
						<line number="19" hits="1"/>
						<line number="20" hits="1"/>
						<line number="23" hits="1"/>
						<line number="26" hits="1"/>
						<line number="32" hits="1"/>
						<line number="33" hits="1"/>
						<line number="34" hits="1"/>
						<line number="35" hits="1"/>
						<line number="36" hits="1"/>
						<line number="38" hits="1"/>
						<line number="39" hits="1"/>
						<line number="40" hits="1"/>
						<line number="41" hits="0"/>
						<line number="43" hits="1"/>
						<line number="44" hits="1"/>
						<line number="46" hits="1"/>
						<line number="47" hits="1"/>
						<line number="49" hits="1"/>
						<line number="51" hits="1"/>
						<line number="52" hits="1"/>
						<line number="57" hits="1"/>
						<line number="58" hits="0"/>
						<line number="60" hits="1"/>
						<line number="61" hits="1"/>
						<line number="62" hits="0"/>
						<line number="64" hits="1"/>
						<line number="65" hits="1"/>
						<line number="73" hits="1"/>
						<line number="75" hits="1"/>
						<line number="76" hits="0"/>
						<line number="81" hits="0"/>
						<line number="89" hits="1"/>
						<line number="90" hits="1"/>
						<line number="95" hits="1"/>
						<line number="101" hits="1"/>
						<line number="107" hits="1"/>
						<line number="108" hits="1"/>
						<line number="109" hits="0"/>
						<line number="110" hits="1"/>
						<line number="111" hits="0"/>
						<line number="112" hits="1"/>
						<line number="113" hits="0"/>
						<line number="115" hits="1"/>
						<line number="116" hits="1"/>
						<line number="117" hits="0"/>
						<line number="118" hits="0"/>
					</lines>
				</class>
				<class name="base_service.py" filename="services/base_service.py" complexity="0" line-rate="1" branch-rate="0">
					<methods/>
					<lines>
						<line number="1" hits="1"/>
						<line number="4" hits="1"/>
						<line number="12" hits="1"/>
						<line number="13" hits="1"/>
					</lines>
				</class>
				<class name="config_service.py" filename="services/config_service.py" complexity="0" line-rate="1" branch-rate="0">
					<methods/>
					<lines/>
				</class>
				<class name="health_service.py" filename="services/health_service.py" complexity="0" line-rate="0.5385" branch-rate="0">
					<methods/>
					<lines>
						<line number="1" hits="1"/>
						<line number="2" hits="1"/>
						<line number="3" hits="1"/>
						<line number="10" hits="1"/>
						<line number="11" hits="1"/>
						<line number="14" hits="1"/>
						<line number="16" hits="1"/>
						<line number="18" hits="0"/>
						<line number="20" hits="0"/>
						<line number="21" hits="0"/>
						<line number="22" hits="0"/>
						<line number="23" hits="0"/>
						<line number="25" hits="0"/>
					</lines>
				</class>
				<class name="system_service.py" filename="services/system_service.py" complexity="0" line-rate="1" branch-rate="0">
					<methods/>
					<lines/>
				</class>
				<class name="user_service.py" filename="services/user_service.py" complexity="0" line-rate="0.84" branch-rate="0">
					<methods/>
					<lines>
						<line number="1" hits="1"/>
						<line number="3" hits="1"/>
						<line number="4" hits="1"/>
						<line number="5" hits="1"/>
						<line number="6" hits="1"/>
						<line number="7" hits="1"/>
						<line number="8" hits="1"/>
						<line number="11" hits="1"/>
						<line number="14" hits="1"/>
						<line number="19" hits="1"/>
						<line number="20" hits="1"/>
						<line number="21" hits="1"/>
						<line number="23" hits="1"/>
						<line number="31" hits="1"/>
						<line number="33" hits="1"/>
						<line number="34" hits="1"/>
						<line number="36" hits="1"/>
						<line number="46" hits="1"/>
						<line number="48" hits="1"/>
						<line number="49" hits="0"/>
						<line number="51" hits="1"/>
						<line number="52" hits="0"/>
						<line number="54" hits="1"/>
						<line number="55" hits="0"/>
						<line number="56" hits="0"/>
					</lines>
				</class>
			</classes>
		</package>
		<package name="utils" line-rate="1" branch-rate="0" complexity="0">
			<classes>
				<class name="logger.py" filename="utils/logger.py" complexity="0" line-rate="1" branch-rate="0">
					<methods/>
					<lines>
						<line number="1" hits="1"/>
						<line number="2" hits="1"/>
						<line number="4" hits="1"/>
						<line number="6" hits="1"/>
						<line number="8" hits="1"/>
						<line number="9" hits="1"/>
						<line number="11" hits="1"/>
						<line number="15" hits="1"/>
						<line number="16" hits="1"/>
						<line number="18" hits="1"/>
						<line number="20" hits="1"/>
					</lines>
				</class>
			</classes>
		</package>
	</packages>
</coverage>
